<?xml version="1.0" encoding="UTF-8"?>
<testsuites>
    <testsuite name=";buy-americano-with-sugar-and-pay-with-coins" tests="13" failures="0" skipped="6">
        <properties>
            <property name="URI" value="C:/dev/kaffemaskin1-anyagagliano/features/americano-with-sugar.feature">
            </property>
        </properties>
        <testcase name="Given that the machine is plugged in" classname=";buy-americano-with-sugar-and-pay-with-coins" time="0.000835">
        </testcase>
        <testcase name="And that water is available" classname=";buy-americano-with-sugar-and-pay-with-coins" time="0.000167299">
        </testcase>
        <testcase name="And that the machine has enough  coffee for a cup" classname=";buy-americano-with-sugar-and-pay-with-coins" time="0.0002513">
        </testcase>
        <testcase name="And the machine has plastic cups" classname=";buy-americano-with-sugar-and-pay-with-coins" time="0.0001368">
        </testcase>
        <testcase name="Given the machine has enough sugar for a cup" classname=";buy-americano-with-sugar-and-pay-with-coins" time="0.000160501">
        </testcase>
        <testcase name="When the user presses the &quot;Americano&quot; button" classname=";buy-americano-with-sugar-and-pay-with-coins" time="0.000076401">
        </testcase>
        <testcase name="And the user presses the &quot;Sugar&quot; button" classname=";buy-americano-with-sugar-and-pay-with-coins" time="0.000043801">
        </testcase>
        <testcase name="And the user inserts a 10 kr coin" classname=";buy-americano-with-sugar-and-pay-with-coins">
            <skipped message="">
            </skipped>
        </testcase>
        <testcase name="And the user inserts a 10 kr coin" classname=";buy-americano-with-sugar-and-pay-with-coins">
            <skipped message="">
            </skipped>
        </testcase>
        <testcase name="And the user inserts a 0 kr coin" classname=";buy-americano-with-sugar-and-pay-with-coins">
            <skipped message="">
            </skipped>
        </testcase>
        <testcase name="And the user inserts a 0 kr coin" classname=";buy-americano-with-sugar-and-pay-with-coins">
            <skipped message="">
            </skipped>
        </testcase>
        <testcase name="And presses the &quot;Start&quot; button" classname=";buy-americano-with-sugar-and-pay-with-coins">
            <skipped message="">
            </skipped>
        </testcase>
        <testcase name="Then the user recieves 1 cup of Americano with sugar." classname=";buy-americano-with-sugar-and-pay-with-coins">
            <skipped message="">
            </skipped>
        </testcase>
    </testsuite>
    <testsuite name=";buy-americano-with-sugar-and-pay-with-coins" tests="13" failures="0" skipped="6">
        <properties>
            <property name="URI" value="C:/dev/kaffemaskin1-anyagagliano/features/americano-with-sugar.feature">
            </property>
        </properties>
        <testcase name="Given that the machine is plugged in" classname=";buy-americano-with-sugar-and-pay-with-coins" time="0.000114">
        </testcase>
        <testcase name="And that water is available" classname=";buy-americano-with-sugar-and-pay-with-coins" time="0.0000937">
        </testcase>
        <testcase name="And that the machine has enough  coffee for a cup" classname=";buy-americano-with-sugar-and-pay-with-coins" time="0.000112501">
        </testcase>
        <testcase name="And the machine has plastic cups" classname=";buy-americano-with-sugar-and-pay-with-coins" time="0.0001128">
        </testcase>
        <testcase name="Given the machine has enough sugar for a cup" classname=";buy-americano-with-sugar-and-pay-with-coins" time="0.000077199">
        </testcase>
        <testcase name="When the user presses the &quot;Americano&quot; button" classname=";buy-americano-with-sugar-and-pay-with-coins" time="0.0000652">
        </testcase>
        <testcase name="And the user presses the &quot;Sugar&quot; button" classname=";buy-americano-with-sugar-and-pay-with-coins" time="0.0000554">
        </testcase>
        <testcase name="And the user inserts a 5 kr coin" classname=";buy-americano-with-sugar-and-pay-with-coins">
            <skipped message="">
            </skipped>
        </testcase>
        <testcase name="And the user inserts a 5 kr coin" classname=";buy-americano-with-sugar-and-pay-with-coins">
            <skipped message="">
            </skipped>
        </testcase>
        <testcase name="And the user inserts a 5 kr coin" classname=";buy-americano-with-sugar-and-pay-with-coins">
            <skipped message="">
            </skipped>
        </testcase>
        <testcase name="And the user inserts a 5 kr coin" classname=";buy-americano-with-sugar-and-pay-with-coins">
            <skipped message="">
            </skipped>
        </testcase>
        <testcase name="And presses the &quot;Start&quot; button" classname=";buy-americano-with-sugar-and-pay-with-coins">
            <skipped message="">
            </skipped>
        </testcase>
        <testcase name="Then the user recieves 1 cup of Americano with sugar." classname=";buy-americano-with-sugar-and-pay-with-coins">
            <skipped message="">
            </skipped>
        </testcase>
    </testsuite>
    <testsuite name=";buy-americano-with-sugar-and-pay-with-coins" tests="13" failures="0" skipped="6">
        <properties>
            <property name="URI" value="C:/dev/kaffemaskin1-anyagagliano/features/americano-with-sugar.feature">
            </property>
        </properties>
        <testcase name="Given that the machine is plugged in" classname=";buy-americano-with-sugar-and-pay-with-coins" time="0.0001108">
        </testcase>
        <testcase name="And that water is available" classname=";buy-americano-with-sugar-and-pay-with-coins" time="0.0000882">
        </testcase>
        <testcase name="And that the machine has enough  coffee for a cup" classname=";buy-americano-with-sugar-and-pay-with-coins" time="0.000124901">
        </testcase>
        <testcase name="And the machine has plastic cups" classname=";buy-americano-with-sugar-and-pay-with-coins" time="0.0000805">
        </testcase>
        <testcase name="Given the machine has enough sugar for a cup" classname=";buy-americano-with-sugar-and-pay-with-coins" time="0.000081601">
        </testcase>
        <testcase name="When the user presses the &quot;Americano&quot; button" classname=";buy-americano-with-sugar-and-pay-with-coins" time="0.000077901">
        </testcase>
        <testcase name="And the user presses the &quot;Sugar&quot; button" classname=";buy-americano-with-sugar-and-pay-with-coins" time="0.0000706">
        </testcase>
        <testcase name="And the user inserts a 10 kr coin" classname=";buy-americano-with-sugar-and-pay-with-coins">
            <skipped message="">
            </skipped>
        </testcase>
        <testcase name="And the user inserts a 0 kr coin" classname=";buy-americano-with-sugar-and-pay-with-coins">
            <skipped message="">
            </skipped>
        </testcase>
        <testcase name="And the user inserts a 0 kr coin" classname=";buy-americano-with-sugar-and-pay-with-coins">
            <skipped message="">
            </skipped>
        </testcase>
        <testcase name="And the user inserts a 0 kr coin" classname=";buy-americano-with-sugar-and-pay-with-coins">
            <skipped message="">
            </skipped>
        </testcase>
        <testcase name="And presses the &quot;Start&quot; button" classname=";buy-americano-with-sugar-and-pay-with-coins">
            <skipped message="">
            </skipped>
        </testcase>
        <testcase name="Then the user recieves 0 cup of Americano with sugar." classname=";buy-americano-with-sugar-and-pay-with-coins">
            <skipped message="">
            </skipped>
        </testcase>
    </testsuite>
    <testsuite name=";buy-americano-with-sugar-and-pay-with-coins" tests="13" failures="0" skipped="6">
        <properties>
            <property name="URI" value="C:/dev/kaffemaskin1-anyagagliano/features/americano-with-sugar.feature">
            </property>
        </properties>
        <testcase name="Given that the machine is plugged in" classname=";buy-americano-with-sugar-and-pay-with-coins" time="0.000119699">
        </testcase>
        <testcase name="And that water is available" classname=";buy-americano-with-sugar-and-pay-with-coins" time="0.0001442">
        </testcase>
        <testcase name="And that the machine has enough  coffee for a cup" classname=";buy-americano-with-sugar-and-pay-with-coins" time="0.000146999">
        </testcase>
        <testcase name="And the machine has plastic cups" classname=";buy-americano-with-sugar-and-pay-with-coins" time="0.0001137">
        </testcase>
        <testcase name="Given the machine has enough sugar for a cup" classname=";buy-americano-with-sugar-and-pay-with-coins" time="0.0001355">
        </testcase>
        <testcase name="When the user presses the &quot;Americano&quot; button" classname=";buy-americano-with-sugar-and-pay-with-coins" time="0.000078401">
        </testcase>
        <testcase name="And the user presses the &quot;Sugar&quot; button" classname=";buy-americano-with-sugar-and-pay-with-coins" time="0.000087699">
        </testcase>
        <testcase name="And the user inserts a &quot;byxknapp&quot; kr coin" classname=";buy-americano-with-sugar-and-pay-with-coins">
            <skipped message="">
            </skipped>
        </testcase>
        <testcase name="And the user inserts a 1 kr coin" classname=";buy-americano-with-sugar-and-pay-with-coins">
            <skipped message="">
            </skipped>
        </testcase>
        <testcase name="And the user inserts a 0 kr coin" classname=";buy-americano-with-sugar-and-pay-with-coins">
            <skipped message="">
            </skipped>
        </testcase>
        <testcase name="And the user inserts a 0 kr coin" classname=";buy-americano-with-sugar-and-pay-with-coins">
            <skipped message="">
            </skipped>
        </testcase>
        <testcase name="And presses the &quot;Start&quot; button" classname=";buy-americano-with-sugar-and-pay-with-coins">
            <skipped message="">
            </skipped>
        </testcase>
        <testcase name="Then the user recieves 0 cup of Americano with sugar." classname=";buy-americano-with-sugar-and-pay-with-coins">
            <skipped message="">
            </skipped>
        </testcase>
    </testsuite>
    <testsuite name=";buy-americano-with-sugar-and-pay-with-coins" tests="13" failures="0" skipped="6">
        <properties>
            <property name="URI" value="C:/dev/kaffemaskin1-anyagagliano/features/americano-with-sugar.feature">
            </property>
        </properties>
        <testcase name="Given that the machine is plugged in" classname=";buy-americano-with-sugar-and-pay-with-coins" time="0.00011">
        </testcase>
        <testcase name="And that water is available" classname=";buy-americano-with-sugar-and-pay-with-coins" time="0.0001821">
        </testcase>
        <testcase name="And that the machine has enough  coffee for a cup" classname=";buy-americano-with-sugar-and-pay-with-coins" time="0.0001586">
        </testcase>
        <testcase name="And the machine has plastic cups" classname=";buy-americano-with-sugar-and-pay-with-coins" time="0.000130001">
        </testcase>
        <testcase name="Given the machine has enough sugar for a cup" classname=";buy-americano-with-sugar-and-pay-with-coins" time="0.000086999">
        </testcase>
        <testcase name="When the user presses the &quot;Americano&quot; button" classname=";buy-americano-with-sugar-and-pay-with-coins" time="0.0000616">
        </testcase>
        <testcase name="And the user presses the &quot;Sugar&quot; button" classname=";buy-americano-with-sugar-and-pay-with-coins" time="0.000045601">
        </testcase>
        <testcase name="And the user inserts a 5 kr coin" classname=";buy-americano-with-sugar-and-pay-with-coins">
            <skipped message="">
            </skipped>
        </testcase>
        <testcase name="And the user inserts a 0 kr coin" classname=";buy-americano-with-sugar-and-pay-with-coins">
            <skipped message="">
            </skipped>
        </testcase>
        <testcase name="And the user inserts a 0 kr coin" classname=";buy-americano-with-sugar-and-pay-with-coins">
            <skipped message="">
            </skipped>
        </testcase>
        <testcase name="And the user inserts a 0 kr coin" classname=";buy-americano-with-sugar-and-pay-with-coins">
            <skipped message="">
            </skipped>
        </testcase>
        <testcase name="And presses the &quot;Start&quot; button" classname=";buy-americano-with-sugar-and-pay-with-coins">
            <skipped message="">
            </skipped>
        </testcase>
        <testcase name="Then the user recieves 0 cup of Americano with sugar." classname=";buy-americano-with-sugar-and-pay-with-coins">
            <skipped message="">
            </skipped>
        </testcase>
    </testsuite>
    <testsuite name=";buy-americano-with-sugar-and-pay-with-bank-card" tests="11" failures="0" skipped="7">
        <properties>
            <property name="URI" value="C:/dev/kaffemaskin1-anyagagliano/features/americano-with-sugar.feature">
            </property>
        </properties>
        <testcase name="Given that the machine is plugged in" classname=";buy-americano-with-sugar-and-pay-with-bank-card" time="0.0001467">
        </testcase>
        <testcase name="And that water is available" classname=";buy-americano-with-sugar-and-pay-with-bank-card" time="0.0001421">
        </testcase>
        <testcase name="And that the machine has enough  coffee for a cup" classname=";buy-americano-with-sugar-and-pay-with-bank-card" time="0.0001324">
        </testcase>
        <testcase name="And the machine has plastic cups" classname=";buy-americano-with-sugar-and-pay-with-bank-card" time="0.0001106">
        </testcase>
        <testcase name="Given teh machine has enough sugar for a cup" classname=";buy-americano-with-sugar-and-pay-with-bank-card">
            <skipped message="">
            </skipped>
        </testcase>
        <testcase name="When the user presses the &quot;Americano&quot; button" classname=";buy-americano-with-sugar-and-pay-with-bank-card">
            <skipped message="">
            </skipped>
        </testcase>
        <testcase name="And the user presses the &quot;Sugar&quot; button" classname=";buy-americano-with-sugar-and-pay-with-bank-card">
            <skipped message="">
            </skipped>
        </testcase>
        <testcase name="And the user taps the bank card near the terminal" classname=";buy-americano-with-sugar-and-pay-with-bank-card">
            <skipped message="">
            </skipped>
        </testcase>
        <testcase name="And the payment is accepted" classname=";buy-americano-with-sugar-and-pay-with-bank-card">
            <skipped message="">
            </skipped>
        </testcase>
        <testcase name="And the user presses the &quot;Start&quot; button" classname=";buy-americano-with-sugar-and-pay-with-bank-card">
            <skipped message="">
            </skipped>
        </testcase>
        <testcase name="Then the user receives a cup of Americano with sugar." classname=";buy-americano-with-sugar-and-pay-with-bank-card">
            <skipped message="">
            </skipped>
        </testcase>
    </testsuite>
    <testsuite name=";buy-americano-without-sugar-with-coins" tests="11" failures="0" skipped="6">
        <properties>
            <property name="URI" value="C:/dev/kaffemaskin1-anyagagliano/features/americano.feature">
            </property>
        </properties>
        <testcase name="Given that the machine is plugged in" classname=";buy-americano-without-sugar-with-coins" time="0.0000682">
        </testcase>
        <testcase name="And that water is available" classname=";buy-americano-without-sugar-with-coins" time="0.0000497">
        </testcase>
        <testcase name="And that the machine has enough  coffee for a cup" classname=";buy-americano-without-sugar-with-coins" time="0.000095999">
        </testcase>
        <testcase name="And the machine has plastic cups" classname=";buy-americano-without-sugar-with-coins" time="0.0000534">
        </testcase>
        <testcase name="When the user presses the &quot;Americano&quot; button" classname=";buy-americano-without-sugar-with-coins" time="0.0000347">
        </testcase>
        <testcase name="And the user inserts a 10 kr coin" classname=";buy-americano-without-sugar-with-coins">
            <skipped message="">
            </skipped>
        </testcase>
        <testcase name="And the user inserts a 10 kr coin" classname=";buy-americano-without-sugar-with-coins">
            <skipped message="">
            </skipped>
        </testcase>
        <testcase name="And the user inserts a 0 kr coin" classname=";buy-americano-without-sugar-with-coins">
            <skipped message="">
            </skipped>
        </testcase>
        <testcase name="And the user inserts a 0 kr coin" classname=";buy-americano-without-sugar-with-coins">
            <skipped message="">
            </skipped>
        </testcase>
        <testcase name="And presses the &quot;Start&quot; button" classname=";buy-americano-without-sugar-with-coins">
            <skipped message="">
            </skipped>
        </testcase>
        <testcase name="Then the user recieves 1 cup of Americano." classname=";buy-americano-without-sugar-with-coins">
            <skipped message="">
            </skipped>
        </testcase>
    </testsuite>
    <testsuite name=";buy-americano-without-sugar-with-coins" tests="11" failures="0" skipped="6">
        <properties>
            <property name="URI" value="C:/dev/kaffemaskin1-anyagagliano/features/americano.feature">
            </property>
        </properties>
        <testcase name="Given that the machine is plugged in" classname=";buy-americano-without-sugar-with-coins" time="0.0000542">
        </testcase>
        <testcase name="And that water is available" classname=";buy-americano-without-sugar-with-coins" time="0.0000936">
        </testcase>
        <testcase name="And that the machine has enough  coffee for a cup" classname=";buy-americano-without-sugar-with-coins" time="0.000094201">
        </testcase>
        <testcase name="And the machine has plastic cups" classname=";buy-americano-without-sugar-with-coins" time="0.0000564">
        </testcase>
        <testcase name="When the user presses the &quot;Americano&quot; button" classname=";buy-americano-without-sugar-with-coins" time="0.000068299">
        </testcase>
        <testcase name="And the user inserts a 5 kr coin" classname=";buy-americano-without-sugar-with-coins">
            <skipped message="">
            </skipped>
        </testcase>
        <testcase name="And the user inserts a 5 kr coin" classname=";buy-americano-without-sugar-with-coins">
            <skipped message="">
            </skipped>
        </testcase>
        <testcase name="And the user inserts a 5 kr coin" classname=";buy-americano-without-sugar-with-coins">
            <skipped message="">
            </skipped>
        </testcase>
        <testcase name="And the user inserts a 5 kr coin" classname=";buy-americano-without-sugar-with-coins">
            <skipped message="">
            </skipped>
        </testcase>
        <testcase name="And presses the &quot;Start&quot; button" classname=";buy-americano-without-sugar-with-coins">
            <skipped message="">
            </skipped>
        </testcase>
        <testcase name="Then the user recieves 1 cup of Americano." classname=";buy-americano-without-sugar-with-coins">
            <skipped message="">
            </skipped>
        </testcase>
    </testsuite>
    <testsuite name=";buy-americano-without-sugar-with-coins" tests="11" failures="0" skipped="6">
        <properties>
            <property name="URI" value="C:/dev/kaffemaskin1-anyagagliano/features/americano.feature">
            </property>
        </properties>
        <testcase name="Given that the machine is plugged in" classname=";buy-americano-without-sugar-with-coins" time="0.0001208">
        </testcase>
        <testcase name="And that water is available" classname=";buy-americano-without-sugar-with-coins" time="0.000091099">
        </testcase>
        <testcase name="And that the machine has enough  coffee for a cup" classname=";buy-americano-without-sugar-with-coins" time="0.0001088">
        </testcase>
        <testcase name="And the machine has plastic cups" classname=";buy-americano-without-sugar-with-coins" time="0.000092401">
        </testcase>
        <testcase name="When the user presses the &quot;Americano&quot; button" classname=";buy-americano-without-sugar-with-coins" time="0.0000448">
        </testcase>
        <testcase name="And the user inserts a 10 kr coin" classname=";buy-americano-without-sugar-with-coins">
            <skipped message="">
            </skipped>
        </testcase>
        <testcase name="And the user inserts a 0 kr coin" classname=";buy-americano-without-sugar-with-coins">
            <skipped message="">
            </skipped>
        </testcase>
        <testcase name="And the user inserts a 0 kr coin" classname=";buy-americano-without-sugar-with-coins">
            <skipped message="">
            </skipped>
        </testcase>
        <testcase name="And the user inserts a 0 kr coin" classname=";buy-americano-without-sugar-with-coins">
            <skipped message="">
            </skipped>
        </testcase>
        <testcase name="And presses the &quot;Start&quot; button" classname=";buy-americano-without-sugar-with-coins">
            <skipped message="">
            </skipped>
        </testcase>
        <testcase name="Then the user recieves 0 cup of Americano." classname=";buy-americano-without-sugar-with-coins">
            <skipped message="">
            </skipped>
        </testcase>
    </testsuite>
    <testsuite name=";buy-americano-without-sugar-with-coins" tests="11" failures="0" skipped="6">
        <properties>
            <property name="URI" value="C:/dev/kaffemaskin1-anyagagliano/features/americano.feature">
            </property>
        </properties>
        <testcase name="Given that the machine is plugged in" classname=";buy-americano-without-sugar-with-coins" time="0.000105301">
        </testcase>
        <testcase name="And that water is available" classname=";buy-americano-without-sugar-with-coins" time="0.0000991">
        </testcase>
        <testcase name="And that the machine has enough  coffee for a cup" classname=";buy-americano-without-sugar-with-coins" time="0.000107101">
        </testcase>
        <testcase name="And the machine has plastic cups" classname=";buy-americano-without-sugar-with-coins" time="0.000127">
        </testcase>
        <testcase name="When the user presses the &quot;Americano&quot; button" classname=";buy-americano-without-sugar-with-coins" time="0.000090399">
        </testcase>
        <testcase name="And the user inserts a &quot;byxknapp&quot; kr coin" classname=";buy-americano-without-sugar-with-coins">
            <skipped message="">
            </skipped>
        </testcase>
        <testcase name="And the user inserts a 1 kr coin" classname=";buy-americano-without-sugar-with-coins">
            <skipped message="">
            </skipped>
        </testcase>
        <testcase name="And the user inserts a 0 kr coin" classname=";buy-americano-without-sugar-with-coins">
            <skipped message="">
            </skipped>
        </testcase>
        <testcase name="And the user inserts a 0 kr coin" classname=";buy-americano-without-sugar-with-coins">
            <skipped message="">
            </skipped>
        </testcase>
        <testcase name="And presses the &quot;Start&quot; button" classname=";buy-americano-without-sugar-with-coins">
            <skipped message="">
            </skipped>
        </testcase>
        <testcase name="Then the user recieves 0 cup of Americano." classname=";buy-americano-without-sugar-with-coins">
            <skipped message="">
            </skipped>
        </testcase>
    </testsuite>
    <testsuite name=";buy-americano-without-sugar-with-coins" tests="11" failures="0" skipped="6">
        <properties>
            <property name="URI" value="C:/dev/kaffemaskin1-anyagagliano/features/americano.feature">
            </property>
        </properties>
        <testcase name="Given that the machine is plugged in" classname=";buy-americano-without-sugar-with-coins" time="0.000049401">
        </testcase>
        <testcase name="And that water is available" classname=";buy-americano-without-sugar-with-coins" time="0.0000674">
        </testcase>
        <testcase name="And that the machine has enough  coffee for a cup" classname=";buy-americano-without-sugar-with-coins" time="0.0001009">
        </testcase>
        <testcase name="And the machine has plastic cups" classname=";buy-americano-without-sugar-with-coins" time="0.0000976">
        </testcase>
        <testcase name="When the user presses the &quot;Americano&quot; button" classname=";buy-americano-without-sugar-with-coins" time="0.0000547">
        </testcase>
        <testcase name="And the user inserts a 5 kr coin" classname=";buy-americano-without-sugar-with-coins">
            <skipped message="">
            </skipped>
        </testcase>
        <testcase name="And the user inserts a 0 kr coin" classname=";buy-americano-without-sugar-with-coins">
            <skipped message="">
            </skipped>
        </testcase>
        <testcase name="And the user inserts a 0 kr coin" classname=";buy-americano-without-sugar-with-coins">
            <skipped message="">
            </skipped>
        </testcase>
        <testcase name="And the user inserts a 0 kr coin" classname=";buy-americano-without-sugar-with-coins">
            <skipped message="">
            </skipped>
        </testcase>
        <testcase name="And presses the &quot;Start&quot; button" classname=";buy-americano-without-sugar-with-coins">
            <skipped message="">
            </skipped>
        </testcase>
        <testcase name="Then the user recieves 0 cup of Americano." classname=";buy-americano-without-sugar-with-coins">
            <skipped message="">
            </skipped>
        </testcase>
    </testsuite>
    <testsuite name=";buy-americano-without-sugar-and-pay-with-bank-card" tests="9" failures="0" skipped="4">
        <properties>
            <property name="URI" value="C:/dev/kaffemaskin1-anyagagliano/features/americano.feature">
            </property>
        </properties>
        <testcase name="Given that the machine is plugged in" classname=";buy-americano-without-sugar-and-pay-with-bank-card" time="0.000053901">
        </testcase>
        <testcase name="And that water is available" classname=";buy-americano-without-sugar-and-pay-with-bank-card" time="0.0000522">
        </testcase>
        <testcase name="And that the machine has enough  coffee for a cup" classname=";buy-americano-without-sugar-and-pay-with-bank-card" time="0.000065499">
        </testcase>
        <testcase name="And the machine has plastic cups" classname=";buy-americano-without-sugar-and-pay-with-bank-card" time="0.0000792">
        </testcase>
        <testcase name="When the user presses the &quot;Americano&quot; button" classname=";buy-americano-without-sugar-and-pay-with-bank-card" time="0.0000355">
        </testcase>
        <testcase name="And the user taps the bank card near the terminal" classname=";buy-americano-without-sugar-and-pay-with-bank-card">
            <skipped message="">
            </skipped>
        </testcase>
        <testcase name="And the payment is accepted" classname=";buy-americano-without-sugar-and-pay-with-bank-card">
            <skipped message="">
            </skipped>
        </testcase>
        <testcase name="And the user presses the &quot;Start&quot; button" classname=";buy-americano-without-sugar-and-pay-with-bank-card">
            <skipped message="">
            </skipped>
        </testcase>
        <testcase name="Then the user receives a cup of Americano" classname=";buy-americano-without-sugar-and-pay-with-bank-card">
            <skipped message="">
            </skipped>
        </testcase>
    </testsuite>
    <testsuite name=";buy-caffe-latte-without-sugar-with-coins" tests="12" failures="0" skipped="9">
        <properties>
            <property name="URI" value="C:/dev/kaffemaskin1-anyagagliano/features/caffelatte.feature">
            </property>
        </properties>
        <testcase name="Given that the machine is plugged in" classname=";buy-caffe-latte-without-sugar-with-coins" time="0.0000552">
        </testcase>
        <testcase name="And that water is available" classname=";buy-caffe-latte-without-sugar-with-coins" time="0.000043699">
        </testcase>
        <testcase name="And that the machine has enough  coffee for a cup" classname=";buy-caffe-latte-without-sugar-with-coins" time="0.000050801">
        </testcase>
        <testcase name="And that the machine has enough milk powder for a cup of Caffe Latte" classname=";buy-caffe-latte-without-sugar-with-coins">
            <skipped message="">
            </skipped>
        </testcase>
        <testcase name="And the machine has plastic cups" classname=";buy-caffe-latte-without-sugar-with-coins">
            <skipped message="">
            </skipped>
        </testcase>
        <testcase name="When the user presses the &quot;CaffeLatte&quot; button" classname=";buy-caffe-latte-without-sugar-with-coins">
            <skipped message="">
            </skipped>
        </testcase>
        <testcase name="And the user inserts a 10 kr coin" classname=";buy-caffe-latte-without-sugar-with-coins">
            <skipped message="">
            </skipped>
        </testcase>
        <testcase name="And the user inserts a 10 kr coin" classname=";buy-caffe-latte-without-sugar-with-coins">
            <skipped message="">
            </skipped>
        </testcase>
        <testcase name="And the user inserts a 0 kr coin" classname=";buy-caffe-latte-without-sugar-with-coins">
            <skipped message="">
            </skipped>
        </testcase>
        <testcase name="And the user inserts a 0 kr coin" classname=";buy-caffe-latte-without-sugar-with-coins">
            <skipped message="">
            </skipped>
        </testcase>
        <testcase name="And presses the &quot;Start&quot; button" classname=";buy-caffe-latte-without-sugar-with-coins">
            <skipped message="">
            </skipped>
        </testcase>
        <testcase name="Then the user recieves 1 cup of Caffe Latte." classname=";buy-caffe-latte-without-sugar-with-coins">
            <skipped message="">
            </skipped>
        </testcase>
    </testsuite>
    <testsuite name=";buy-caffe-latte-without-sugar-with-coins" tests="12" failures="0" skipped="9">
        <properties>
            <property name="URI" value="C:/dev/kaffemaskin1-anyagagliano/features/caffelatte.feature">
            </property>
        </properties>
        <testcase name="Given that the machine is plugged in" classname=";buy-caffe-latte-without-sugar-with-coins" time="0.0000562">
        </testcase>
        <testcase name="And that water is available" classname=";buy-caffe-latte-without-sugar-with-coins" time="0.0000815">
        </testcase>
        <testcase name="And that the machine has enough  coffee for a cup" classname=";buy-caffe-latte-without-sugar-with-coins" time="0.0000884">
        </testcase>
        <testcase name="And that the machine has enough milk powder for a cup of Caffe Latte" classname=";buy-caffe-latte-without-sugar-with-coins">
            <skipped message="">
            </skipped>
        </testcase>
        <testcase name="And the machine has plastic cups" classname=";buy-caffe-latte-without-sugar-with-coins">
            <skipped message="">
            </skipped>
        </testcase>
        <testcase name="When the user presses the &quot;CaffeLatte&quot; button" classname=";buy-caffe-latte-without-sugar-with-coins">
            <skipped message="">
            </skipped>
        </testcase>
        <testcase name="And the user inserts a 5 kr coin" classname=";buy-caffe-latte-without-sugar-with-coins">
            <skipped message="">
            </skipped>
        </testcase>
        <testcase name="And the user inserts a 5 kr coin" classname=";buy-caffe-latte-without-sugar-with-coins">
            <skipped message="">
            </skipped>
        </testcase>
        <testcase name="And the user inserts a 5 kr coin" classname=";buy-caffe-latte-without-sugar-with-coins">
            <skipped message="">
            </skipped>
        </testcase>
        <testcase name="And the user inserts a 5 kr coin" classname=";buy-caffe-latte-without-sugar-with-coins">
            <skipped message="">
            </skipped>
        </testcase>
        <testcase name="And presses the &quot;Start&quot; button" classname=";buy-caffe-latte-without-sugar-with-coins">
            <skipped message="">
            </skipped>
        </testcase>
        <testcase name="Then the user recieves 1 cup of Caffe Latte." classname=";buy-caffe-latte-without-sugar-with-coins">
            <skipped message="">
            </skipped>
        </testcase>
    </testsuite>
    <testsuite name=";buy-caffe-latte-without-sugar-with-coins" tests="12" failures="0" skipped="9">
        <properties>
            <property name="URI" value="C:/dev/kaffemaskin1-anyagagliano/features/caffelatte.feature">
            </property>
        </properties>
        <testcase name="Given that the machine is plugged in" classname=";buy-caffe-latte-without-sugar-with-coins" time="0.0000666">
        </testcase>
        <testcase name="And that water is available" classname=";buy-caffe-latte-without-sugar-with-coins" time="0.0000652">
        </testcase>
        <testcase name="And that the machine has enough  coffee for a cup" classname=";buy-caffe-latte-without-sugar-with-coins" time="0.000067101">
        </testcase>
        <testcase name="And that the machine has enough milk powder for a cup of Caffe Latte" classname=";buy-caffe-latte-without-sugar-with-coins">
            <skipped message="">
            </skipped>
        </testcase>
        <testcase name="And the machine has plastic cups" classname=";buy-caffe-latte-without-sugar-with-coins">
            <skipped message="">
            </skipped>
        </testcase>
        <testcase name="When the user presses the &quot;CaffeLatte&quot; button" classname=";buy-caffe-latte-without-sugar-with-coins">
            <skipped message="">
            </skipped>
        </testcase>
        <testcase name="And the user inserts a 10 kr coin" classname=";buy-caffe-latte-without-sugar-with-coins">
            <skipped message="">
            </skipped>
        </testcase>
        <testcase name="And the user inserts a 0 kr coin" classname=";buy-caffe-latte-without-sugar-with-coins">
            <skipped message="">
            </skipped>
        </testcase>
        <testcase name="And the user inserts a 0 kr coin" classname=";buy-caffe-latte-without-sugar-with-coins">
            <skipped message="">
            </skipped>
        </testcase>
        <testcase name="And the user inserts a 0 kr coin" classname=";buy-caffe-latte-without-sugar-with-coins">
            <skipped message="">
            </skipped>
        </testcase>
        <testcase name="And presses the &quot;Start&quot; button" classname=";buy-caffe-latte-without-sugar-with-coins">
            <skipped message="">
            </skipped>
        </testcase>
        <testcase name="Then the user recieves 0 cup of Caffe Latte." classname=";buy-caffe-latte-without-sugar-with-coins">
            <skipped message="">
            </skipped>
        </testcase>
    </testsuite>
    <testsuite name=";buy-caffe-latte-without-sugar-with-coins" tests="12" failures="0" skipped="9">
        <properties>
            <property name="URI" value="C:/dev/kaffemaskin1-anyagagliano/features/caffelatte.feature">
            </property>
        </properties>
        <testcase name="Given that the machine is plugged in" classname=";buy-caffe-latte-without-sugar-with-coins" time="0.000062101">
        </testcase>
        <testcase name="And that water is available" classname=";buy-caffe-latte-without-sugar-with-coins" time="0.0000618">
        </testcase>
        <testcase name="And that the machine has enough  coffee for a cup" classname=";buy-caffe-latte-without-sugar-with-coins" time="0.0000686">
        </testcase>
        <testcase name="And that the machine has enough milk powder for a cup of Caffe Latte" classname=";buy-caffe-latte-without-sugar-with-coins">
            <skipped message="">
            </skipped>
        </testcase>
        <testcase name="And the machine has plastic cups" classname=";buy-caffe-latte-without-sugar-with-coins">
            <skipped message="">
            </skipped>
        </testcase>
        <testcase name="When the user presses the &quot;CaffeLatte&quot; button" classname=";buy-caffe-latte-without-sugar-with-coins">
            <skipped message="">
            </skipped>
        </testcase>
        <testcase name="And the user inserts a &quot;byxknapp&quot; kr coin" classname=";buy-caffe-latte-without-sugar-with-coins">
            <skipped message="">
            </skipped>
        </testcase>
        <testcase name="And the user inserts a 1 kr coin" classname=";buy-caffe-latte-without-sugar-with-coins">
            <skipped message="">
            </skipped>
        </testcase>
        <testcase name="And the user inserts a 0 kr coin" classname=";buy-caffe-latte-without-sugar-with-coins">
            <skipped message="">
            </skipped>
        </testcase>
        <testcase name="And the user inserts a 0 kr coin" classname=";buy-caffe-latte-without-sugar-with-coins">
            <skipped message="">
            </skipped>
        </testcase>
        <testcase name="And presses the &quot;Start&quot; button" classname=";buy-caffe-latte-without-sugar-with-coins">
            <skipped message="">
            </skipped>
        </testcase>
        <testcase name="Then the user recieves 0 cup of Caffe Latte." classname=";buy-caffe-latte-without-sugar-with-coins">
            <skipped message="">
            </skipped>
        </testcase>
    </testsuite>
    <testsuite name=";buy-caffe-latte-without-sugar-with-coins" tests="12" failures="0" skipped="9">
        <properties>
            <property name="URI" value="C:/dev/kaffemaskin1-anyagagliano/features/caffelatte.feature">
            </property>
        </properties>
        <testcase name="Given that the machine is plugged in" classname=";buy-caffe-latte-without-sugar-with-coins" time="0.000081899">
        </testcase>
        <testcase name="And that water is available" classname=";buy-caffe-latte-without-sugar-with-coins" time="0.000171299">
        </testcase>
        <testcase name="And that the machine has enough  coffee for a cup" classname=";buy-caffe-latte-without-sugar-with-coins" time="0.0000812">
        </testcase>
        <testcase name="And that the machine has enough milk powder for a cup of Caffe Latte" classname=";buy-caffe-latte-without-sugar-with-coins">
            <skipped message="">
            </skipped>
        </testcase>
        <testcase name="And the machine has plastic cups" classname=";buy-caffe-latte-without-sugar-with-coins">
            <skipped message="">
            </skipped>
        </testcase>
        <testcase name="When the user presses the &quot;CaffeLatte&quot; button" classname=";buy-caffe-latte-without-sugar-with-coins">
            <skipped message="">
            </skipped>
        </testcase>
        <testcase name="And the user inserts a 5 kr coin" classname=";buy-caffe-latte-without-sugar-with-coins">
            <skipped message="">
            </skipped>
        </testcase>
        <testcase name="And the user inserts a 0 kr coin" classname=";buy-caffe-latte-without-sugar-with-coins">
            <skipped message="">
            </skipped>
        </testcase>
        <testcase name="And the user inserts a 0 kr coin" classname=";buy-caffe-latte-without-sugar-with-coins">
            <skipped message="">
            </skipped>
        </testcase>
        <testcase name="And the user inserts a 0 kr coin" classname=";buy-caffe-latte-without-sugar-with-coins">
            <skipped message="">
            </skipped>
        </testcase>
        <testcase name="And presses the &quot;Start&quot; button" classname=";buy-caffe-latte-without-sugar-with-coins">
            <skipped message="">
            </skipped>
        </testcase>
        <testcase name="Then the user recieves 0 cup of Caffe Latte." classname=";buy-caffe-latte-without-sugar-with-coins">
            <skipped message="">
            </skipped>
        </testcase>
    </testsuite>
    <testsuite name=";buy-caffe-latte-without-sugar-and-pay-with-bank-card" tests="10" failures="0" skipped="7">
        <properties>
            <property name="URI" value="C:/dev/kaffemaskin1-anyagagliano/features/caffelatte.feature">
            </property>
        </properties>
        <testcase name="Given that the machine is plugged in" classname=";buy-caffe-latte-without-sugar-and-pay-with-bank-card" time="0.000054599">
        </testcase>
        <testcase name="And that water is available" classname=";buy-caffe-latte-without-sugar-and-pay-with-bank-card" time="0.0000573">
        </testcase>
        <testcase name="And that the machine has enough  coffee for a cup" classname=";buy-caffe-latte-without-sugar-and-pay-with-bank-card" time="0.0001002">
        </testcase>
        <testcase name="And that the machine has enough milk powder for a cup of Caffe Latte" classname=";buy-caffe-latte-without-sugar-and-pay-with-bank-card">
            <skipped message="">
            </skipped>
        </testcase>
        <testcase name="And the machine has plastic cups" classname=";buy-caffe-latte-without-sugar-and-pay-with-bank-card">
            <skipped message="">
            </skipped>
        </testcase>
        <testcase name="When the user presses the &quot;CaffeLatte&quot; button" classname=";buy-caffe-latte-without-sugar-and-pay-with-bank-card">
            <skipped message="">
            </skipped>
        </testcase>
        <testcase name="And the user taps the bank card near the terminal" classname=";buy-caffe-latte-without-sugar-and-pay-with-bank-card">
            <skipped message="">
            </skipped>
        </testcase>
        <testcase name="And the payment is accepted" classname=";buy-caffe-latte-without-sugar-and-pay-with-bank-card">
            <skipped message="">
            </skipped>
        </testcase>
        <testcase name="And the user presses the &quot;Start&quot; button" classname=";buy-caffe-latte-without-sugar-and-pay-with-bank-card">
            <skipped message="">
            </skipped>
        </testcase>
        <testcase name="Then the user receives a cup of Caffe Latte" classname=";buy-caffe-latte-without-sugar-and-pay-with-bank-card">
            <skipped message="">
            </skipped>
        </testcase>
    </testsuite>
    <testsuite name=";buy-caffe-latte-with-sugar-with-coins" tests="14" failures="0" skipped="11">
        <properties>
            <property name="URI" value="C:/dev/kaffemaskin1-anyagagliano/features/caffelatte.feature">
            </property>
        </properties>
        <testcase name="Given that the machine is plugged in" classname=";buy-caffe-latte-with-sugar-with-coins" time="0.0000464">
        </testcase>
        <testcase name="And that water is available" classname=";buy-caffe-latte-with-sugar-with-coins" time="0.0000579">
        </testcase>
        <testcase name="And that the machine has enough  coffee for a cup" classname=";buy-caffe-latte-with-sugar-with-coins" time="0.000048101">
        </testcase>
        <testcase name="And that the machine has enough milk powder for a cup of Caffe Latte" classname=";buy-caffe-latte-with-sugar-with-coins">
            <skipped message="">
            </skipped>
        </testcase>
        <testcase name="And the machine has plastic cups" classname=";buy-caffe-latte-with-sugar-with-coins">
            <skipped message="">
            </skipped>
        </testcase>
        <testcase name="Given the machine has enough sugar for a cup" classname=";buy-caffe-latte-with-sugar-with-coins">
            <skipped message="">
            </skipped>
        </testcase>
        <testcase name="When the user presses the &quot;CaffeLatte&quot; button" classname=";buy-caffe-latte-with-sugar-with-coins">
            <skipped message="">
            </skipped>
        </testcase>
        <testcase name="And the user presses the &quot;Sugar&quot; button" classname=";buy-caffe-latte-with-sugar-with-coins">
            <skipped message="">
            </skipped>
        </testcase>
        <testcase name="And the user inserts a 10 kr coin" classname=";buy-caffe-latte-with-sugar-with-coins">
            <skipped message="">
            </skipped>
        </testcase>
        <testcase name="And the user inserts a 10 kr coin" classname=";buy-caffe-latte-with-sugar-with-coins">
            <skipped message="">
            </skipped>
        </testcase>
        <testcase name="And the user inserts a 0 kr coin" classname=";buy-caffe-latte-with-sugar-with-coins">
            <skipped message="">
            </skipped>
        </testcase>
        <testcase name="And the user inserts a 0 kr coin" classname=";buy-caffe-latte-with-sugar-with-coins">
            <skipped message="">
            </skipped>
        </testcase>
        <testcase name="And presses the &quot;Start&quot; button" classname=";buy-caffe-latte-with-sugar-with-coins">
            <skipped message="">
            </skipped>
        </testcase>
        <testcase name="Then the user recieves 1 cup of Caffe Latte with sugar." classname=";buy-caffe-latte-with-sugar-with-coins">
            <skipped message="">
            </skipped>
        </testcase>
    </testsuite>
    <testsuite name=";buy-caffe-latte-with-sugar-with-coins" tests="14" failures="0" skipped="11">
        <properties>
            <property name="URI" value="C:/dev/kaffemaskin1-anyagagliano/features/caffelatte.feature">
            </property>
        </properties>
        <testcase name="Given that the machine is plugged in" classname=";buy-caffe-latte-with-sugar-with-coins" time="0.000052999">
        </testcase>
        <testcase name="And that water is available" classname=";buy-caffe-latte-with-sugar-with-coins" time="0.0000559">
        </testcase>
        <testcase name="And that the machine has enough  coffee for a cup" classname=";buy-caffe-latte-with-sugar-with-coins" time="0.0000496">
        </testcase>
        <testcase name="And that the machine has enough milk powder for a cup of Caffe Latte" classname=";buy-caffe-latte-with-sugar-with-coins">
            <skipped message="">
            </skipped>
        </testcase>
        <testcase name="And the machine has plastic cups" classname=";buy-caffe-latte-with-sugar-with-coins">
            <skipped message="">
            </skipped>
        </testcase>
        <testcase name="Given the machine has enough sugar for a cup" classname=";buy-caffe-latte-with-sugar-with-coins">
            <skipped message="">
            </skipped>
        </testcase>
        <testcase name="When the user presses the &quot;CaffeLatte&quot; button" classname=";buy-caffe-latte-with-sugar-with-coins">
            <skipped message="">
            </skipped>
        </testcase>
        <testcase name="And the user presses the &quot;Sugar&quot; button" classname=";buy-caffe-latte-with-sugar-with-coins">
            <skipped message="">
            </skipped>
        </testcase>
        <testcase name="And the user inserts a 5 kr coin" classname=";buy-caffe-latte-with-sugar-with-coins">
            <skipped message="">
            </skipped>
        </testcase>
        <testcase name="And the user inserts a 5 kr coin" classname=";buy-caffe-latte-with-sugar-with-coins">
            <skipped message="">
            </skipped>
        </testcase>
        <testcase name="And the user inserts a 5 kr coin" classname=";buy-caffe-latte-with-sugar-with-coins">
            <skipped message="">
            </skipped>
        </testcase>
        <testcase name="And the user inserts a 5 kr coin" classname=";buy-caffe-latte-with-sugar-with-coins">
            <skipped message="">
            </skipped>
        </testcase>
        <testcase name="And presses the &quot;Start&quot; button" classname=";buy-caffe-latte-with-sugar-with-coins">
            <skipped message="">
            </skipped>
        </testcase>
        <testcase name="Then the user recieves 1 cup of Caffe Latte with sugar." classname=";buy-caffe-latte-with-sugar-with-coins">
            <skipped message="">
            </skipped>
        </testcase>
    </testsuite>
    <testsuite name=";buy-caffe-latte-with-sugar-with-coins" tests="14" failures="0" skipped="11">
        <properties>
            <property name="URI" value="C:/dev/kaffemaskin1-anyagagliano/features/caffelatte.feature">
            </property>
        </properties>
        <testcase name="Given that the machine is plugged in" classname=";buy-caffe-latte-with-sugar-with-coins" time="0.000096699">
        </testcase>
        <testcase name="And that water is available" classname=";buy-caffe-latte-with-sugar-with-coins" time="0.0001341">
        </testcase>
        <testcase name="And that the machine has enough  coffee for a cup" classname=";buy-caffe-latte-with-sugar-with-coins" time="0.000111001">
        </testcase>
        <testcase name="And that the machine has enough milk powder for a cup of Caffe Latte" classname=";buy-caffe-latte-with-sugar-with-coins">
            <skipped message="">
            </skipped>
        </testcase>
        <testcase name="And the machine has plastic cups" classname=";buy-caffe-latte-with-sugar-with-coins">
            <skipped message="">
            </skipped>
        </testcase>
        <testcase name="Given the machine has enough sugar for a cup" classname=";buy-caffe-latte-with-sugar-with-coins">
            <skipped message="">
            </skipped>
        </testcase>
        <testcase name="When the user presses the &quot;CaffeLatte&quot; button" classname=";buy-caffe-latte-with-sugar-with-coins">
            <skipped message="">
            </skipped>
        </testcase>
        <testcase name="And the user presses the &quot;Sugar&quot; button" classname=";buy-caffe-latte-with-sugar-with-coins">
            <skipped message="">
            </skipped>
        </testcase>
        <testcase name="And the user inserts a 10 kr coin" classname=";buy-caffe-latte-with-sugar-with-coins">
            <skipped message="">
            </skipped>
        </testcase>
        <testcase name="And the user inserts a 0 kr coin" classname=";buy-caffe-latte-with-sugar-with-coins">
            <skipped message="">
            </skipped>
        </testcase>
        <testcase name="And the user inserts a 0 kr coin" classname=";buy-caffe-latte-with-sugar-with-coins">
            <skipped message="">
            </skipped>
        </testcase>
        <testcase name="And the user inserts a 0 kr coin" classname=";buy-caffe-latte-with-sugar-with-coins">
            <skipped message="">
            </skipped>
        </testcase>
        <testcase name="And presses the &quot;Start&quot; button" classname=";buy-caffe-latte-with-sugar-with-coins">
            <skipped message="">
            </skipped>
        </testcase>
        <testcase name="Then the user recieves 0 cup of Caffe Latte with sugar." classname=";buy-caffe-latte-with-sugar-with-coins">
            <skipped message="">
            </skipped>
        </testcase>
    </testsuite>
    <testsuite name=";buy-caffe-latte-with-sugar-with-coins" tests="14" failures="0" skipped="11">
        <properties>
            <property name="URI" value="C:/dev/kaffemaskin1-anyagagliano/features/caffelatte.feature">
            </property>
        </properties>
        <testcase name="Given that the machine is plugged in" classname=";buy-caffe-latte-with-sugar-with-coins" time="0.000061499">
        </testcase>
        <testcase name="And that water is available" classname=";buy-caffe-latte-with-sugar-with-coins" time="0.0000442">
        </testcase>
        <testcase name="And that the machine has enough  coffee for a cup" classname=";buy-caffe-latte-with-sugar-with-coins" time="0.000072401">
        </testcase>
        <testcase name="And that the machine has enough milk powder for a cup of Caffe Latte" classname=";buy-caffe-latte-with-sugar-with-coins">
            <skipped message="">
            </skipped>
        </testcase>
        <testcase name="And the machine has plastic cups" classname=";buy-caffe-latte-with-sugar-with-coins">
            <skipped message="">
            </skipped>
        </testcase>
        <testcase name="Given the machine has enough sugar for a cup" classname=";buy-caffe-latte-with-sugar-with-coins">
            <skipped message="">
            </skipped>
        </testcase>
        <testcase name="When the user presses the &quot;CaffeLatte&quot; button" classname=";buy-caffe-latte-with-sugar-with-coins">
            <skipped message="">
            </skipped>
        </testcase>
        <testcase name="And the user presses the &quot;Sugar&quot; button" classname=";buy-caffe-latte-with-sugar-with-coins">
            <skipped message="">
            </skipped>
        </testcase>
        <testcase name="And the user inserts a &quot;byxknapp&quot; kr coin" classname=";buy-caffe-latte-with-sugar-with-coins">
            <skipped message="">
            </skipped>
        </testcase>
        <testcase name="And the user inserts a 1 kr coin" classname=";buy-caffe-latte-with-sugar-with-coins">
            <skipped message="">
            </skipped>
        </testcase>
        <testcase name="And the user inserts a 0 kr coin" classname=";buy-caffe-latte-with-sugar-with-coins">
            <skipped message="">
            </skipped>
        </testcase>
        <testcase name="And the user inserts a 0 kr coin" classname=";buy-caffe-latte-with-sugar-with-coins">
            <skipped message="">
            </skipped>
        </testcase>
        <testcase name="And presses the &quot;Start&quot; button" classname=";buy-caffe-latte-with-sugar-with-coins">
            <skipped message="">
            </skipped>
        </testcase>
        <testcase name="Then the user recieves 0 cup of Caffe Latte with sugar." classname=";buy-caffe-latte-with-sugar-with-coins">
            <skipped message="">
            </skipped>
        </testcase>
    </testsuite>
    <testsuite name=";buy-caffe-latte-with-sugar-with-coins" tests="14" failures="0" skipped="11">
        <properties>
            <property name="URI" value="C:/dev/kaffemaskin1-anyagagliano/features/caffelatte.feature">
            </property>
        </properties>
        <testcase name="Given that the machine is plugged in" classname=";buy-caffe-latte-with-sugar-with-coins" time="0.0000639">
        </testcase>
        <testcase name="And that water is available" classname=";buy-caffe-latte-with-sugar-with-coins" time="0.000077201">
        </testcase>
        <testcase name="And that the machine has enough  coffee for a cup" classname=";buy-caffe-latte-with-sugar-with-coins" time="0.000087701">
        </testcase>
        <testcase name="And that the machine has enough milk powder for a cup of Caffe Latte" classname=";buy-caffe-latte-with-sugar-with-coins">
            <skipped message="">
            </skipped>
        </testcase>
        <testcase name="And the machine has plastic cups" classname=";buy-caffe-latte-with-sugar-with-coins">
            <skipped message="">
            </skipped>
        </testcase>
        <testcase name="Given the machine has enough sugar for a cup" classname=";buy-caffe-latte-with-sugar-with-coins">
            <skipped message="">
            </skipped>
        </testcase>
        <testcase name="When the user presses the &quot;CaffeLatte&quot; button" classname=";buy-caffe-latte-with-sugar-with-coins">
            <skipped message="">
            </skipped>
        </testcase>
        <testcase name="And the user presses the &quot;Sugar&quot; button" classname=";buy-caffe-latte-with-sugar-with-coins">
            <skipped message="">
            </skipped>
        </testcase>
        <testcase name="And the user inserts a 5 kr coin" classname=";buy-caffe-latte-with-sugar-with-coins">
            <skipped message="">
            </skipped>
        </testcase>
        <testcase name="And the user inserts a 0 kr coin" classname=";buy-caffe-latte-with-sugar-with-coins">
            <skipped message="">
            </skipped>
        </testcase>
        <testcase name="And the user inserts a 0 kr coin" classname=";buy-caffe-latte-with-sugar-with-coins">
            <skipped message="">
            </skipped>
        </testcase>
        <testcase name="And the user inserts a 0 kr coin" classname=";buy-caffe-latte-with-sugar-with-coins">
            <skipped message="">
            </skipped>
        </testcase>
        <testcase name="And presses the &quot;Start&quot; button" classname=";buy-caffe-latte-with-sugar-with-coins">
            <skipped message="">
            </skipped>
        </testcase>
        <testcase name="Then the user recieves 0 cup of Caffe Latte with sugar." classname=";buy-caffe-latte-with-sugar-with-coins">
            <skipped message="">
            </skipped>
        </testcase>
    </testsuite>
    <testsuite name=";buy-caffe-latte-with-sugar-and-pay-with-bank-card" tests="12" failures="0" skipped="9">
        <properties>
            <property name="URI" value="C:/dev/kaffemaskin1-anyagagliano/features/caffelatte.feature">
            </property>
        </properties>
        <testcase name="Given that the machine is plugged in" classname=";buy-caffe-latte-with-sugar-and-pay-with-bank-card" time="0.000104001">
        </testcase>
        <testcase name="And that water is available" classname=";buy-caffe-latte-with-sugar-and-pay-with-bank-card" time="0.0001084">
        </testcase>
        <testcase name="And that the machine has enough  coffee for a cup" classname=";buy-caffe-latte-with-sugar-and-pay-with-bank-card" time="0.0001367">
        </testcase>
        <testcase name="And that the machine has enough milk powder for a cup of Caffe Latte" classname=";buy-caffe-latte-with-sugar-and-pay-with-bank-card">
            <skipped message="">
            </skipped>
        </testcase>
        <testcase name="And the machine has plastic cups" classname=";buy-caffe-latte-with-sugar-and-pay-with-bank-card">
            <skipped message="">
            </skipped>
        </testcase>
        <testcase name="Given the machine has enough sugar for a cup" classname=";buy-caffe-latte-with-sugar-and-pay-with-bank-card">
            <skipped message="">
            </skipped>
        </testcase>
        <testcase name="When the user presses the &quot;CaffeLatte&quot; button" classname=";buy-caffe-latte-with-sugar-and-pay-with-bank-card">
            <skipped message="">
            </skipped>
        </testcase>
        <testcase name="And the user presses the &quot;Sugar&quot; button" classname=";buy-caffe-latte-with-sugar-and-pay-with-bank-card">
            <skipped message="">
            </skipped>
        </testcase>
        <testcase name="And the user taps the bank card near the terminal" classname=";buy-caffe-latte-with-sugar-and-pay-with-bank-card">
            <skipped message="">
            </skipped>
        </testcase>
        <testcase name="And the payment is accepted" classname=";buy-caffe-latte-with-sugar-and-pay-with-bank-card">
            <skipped message="">
            </skipped>
        </testcase>
        <testcase name="And the user presses the &quot;Start&quot; button" classname=";buy-caffe-latte-with-sugar-and-pay-with-bank-card">
            <skipped message="">
            </skipped>
        </testcase>
        <testcase name="Then the user receives a cup of Caffe Latte with sugar." classname=";buy-caffe-latte-with-sugar-and-pay-with-bank-card">
            <skipped message="">
            </skipped>
        </testcase>
    </testsuite>
    <testsuite name=";buy-cappuccino-without-sugar-with-coins" tests="12" failures="0" skipped="9">
        <properties>
            <property name="URI" value="C:/dev/kaffemaskin1-anyagagliano/features/cappuccino.feature">
            </property>
        </properties>
        <testcase name="Given that the machine is plugged in" classname=";buy-cappuccino-without-sugar-with-coins" time="0.000084999">
        </testcase>
        <testcase name="And that water is available" classname=";buy-cappuccino-without-sugar-with-coins" time="0.0000739">
        </testcase>
        <testcase name="And that the machine has enough  coffee for a cup" classname=";buy-cappuccino-without-sugar-with-coins" time="0.0000813">
        </testcase>
        <testcase name="And that the machine has enough milk powder for a cup of Cappuccino" classname=";buy-cappuccino-without-sugar-with-coins">
            <skipped message="">
            </skipped>
        </testcase>
        <testcase name="And the machine has plastic cups" classname=";buy-cappuccino-without-sugar-with-coins">
            <skipped message="">
            </skipped>
        </testcase>
        <testcase name="When the user presses the &quot;Cappuccino&quot; button" classname=";buy-cappuccino-without-sugar-with-coins">
            <skipped message="">
            </skipped>
        </testcase>
        <testcase name="And the user inserts a 10 kr coin" classname=";buy-cappuccino-without-sugar-with-coins">
            <skipped message="">
            </skipped>
        </testcase>
        <testcase name="And the user inserts a 10 kr coin" classname=";buy-cappuccino-without-sugar-with-coins">
            <skipped message="">
            </skipped>
        </testcase>
        <testcase name="And the user inserts a 0 kr coin" classname=";buy-cappuccino-without-sugar-with-coins">
            <skipped message="">
            </skipped>
        </testcase>
        <testcase name="And the user inserts a 0 kr coin" classname=";buy-cappuccino-without-sugar-with-coins">
            <skipped message="">
            </skipped>
        </testcase>
        <testcase name="And presses the &quot;Start&quot; button" classname=";buy-cappuccino-without-sugar-with-coins">
            <skipped message="">
            </skipped>
        </testcase>
        <testcase name="Then the user recieves 1 cup of Cappuccino." classname=";buy-cappuccino-without-sugar-with-coins">
            <skipped message="">
            </skipped>
        </testcase>
    </testsuite>
    <testsuite name=";buy-cappuccino-without-sugar-with-coins" tests="12" failures="0" skipped="9">
        <properties>
            <property name="URI" value="C:/dev/kaffemaskin1-anyagagliano/features/cappuccino.feature">
            </property>
        </properties>
        <testcase name="Given that the machine is plugged in" classname=";buy-cappuccino-without-sugar-with-coins" time="0.000045099">
        </testcase>
        <testcase name="And that water is available" classname=";buy-cappuccino-without-sugar-with-coins" time="0.0000492">
        </testcase>
        <testcase name="And that the machine has enough  coffee for a cup" classname=";buy-cappuccino-without-sugar-with-coins" time="0.0000998">
        </testcase>
        <testcase name="And that the machine has enough milk powder for a cup of Cappuccino" classname=";buy-cappuccino-without-sugar-with-coins">
            <skipped message="">
            </skipped>
        </testcase>
        <testcase name="And the machine has plastic cups" classname=";buy-cappuccino-without-sugar-with-coins">
            <skipped message="">
            </skipped>
        </testcase>
        <testcase name="When the user presses the &quot;Cappuccino&quot; button" classname=";buy-cappuccino-without-sugar-with-coins">
            <skipped message="">
            </skipped>
        </testcase>
        <testcase name="And the user inserts a 5 kr coin" classname=";buy-cappuccino-without-sugar-with-coins">
            <skipped message="">
            </skipped>
        </testcase>
        <testcase name="And the user inserts a 5 kr coin" classname=";buy-cappuccino-without-sugar-with-coins">
            <skipped message="">
            </skipped>
        </testcase>
        <testcase name="And the user inserts a 5 kr coin" classname=";buy-cappuccino-without-sugar-with-coins">
            <skipped message="">
            </skipped>
        </testcase>
        <testcase name="And the user inserts a 5 kr coin" classname=";buy-cappuccino-without-sugar-with-coins">
            <skipped message="">
            </skipped>
        </testcase>
        <testcase name="And presses the &quot;Start&quot; button" classname=";buy-cappuccino-without-sugar-with-coins">
            <skipped message="">
            </skipped>
        </testcase>
        <testcase name="Then the user recieves 1 cup of Cappuccino." classname=";buy-cappuccino-without-sugar-with-coins">
            <skipped message="">
            </skipped>
        </testcase>
    </testsuite>
    <testsuite name=";buy-cappuccino-without-sugar-with-coins" tests="12" failures="0" skipped="9">
        <properties>
            <property name="URI" value="C:/dev/kaffemaskin1-anyagagliano/features/cappuccino.feature">
            </property>
        </properties>
        <testcase name="Given that the machine is plugged in" classname=";buy-cappuccino-without-sugar-with-coins" time="0.0000527">
        </testcase>
        <testcase name="And that water is available" classname=";buy-cappuccino-without-sugar-with-coins" time="0.0000459">
        </testcase>
        <testcase name="And that the machine has enough  coffee for a cup" classname=";buy-cappuccino-without-sugar-with-coins" time="0.0016123">
        </testcase>
        <testcase name="And that the machine has enough milk powder for a cup of Cappuccino" classname=";buy-cappuccino-without-sugar-with-coins">
            <skipped message="">
            </skipped>
        </testcase>
        <testcase name="And the machine has plastic cups" classname=";buy-cappuccino-without-sugar-with-coins">
            <skipped message="">
            </skipped>
        </testcase>
        <testcase name="When the user presses the &quot;Cappuccino&quot; button" classname=";buy-cappuccino-without-sugar-with-coins">
            <skipped message="">
            </skipped>
        </testcase>
        <testcase name="And the user inserts a 10 kr coin" classname=";buy-cappuccino-without-sugar-with-coins">
            <skipped message="">
            </skipped>
        </testcase>
        <testcase name="And the user inserts a 0 kr coin" classname=";buy-cappuccino-without-sugar-with-coins">
            <skipped message="">
            </skipped>
        </testcase>
        <testcase name="And the user inserts a 0 kr coin" classname=";buy-cappuccino-without-sugar-with-coins">
            <skipped message="">
            </skipped>
        </testcase>
        <testcase name="And the user inserts a 0 kr coin" classname=";buy-cappuccino-without-sugar-with-coins">
            <skipped message="">
            </skipped>
        </testcase>
        <testcase name="And presses the &quot;Start&quot; button" classname=";buy-cappuccino-without-sugar-with-coins">
            <skipped message="">
            </skipped>
        </testcase>
        <testcase name="Then the user recieves 0 cup of Cappuccino." classname=";buy-cappuccino-without-sugar-with-coins">
            <skipped message="">
            </skipped>
        </testcase>
    </testsuite>
    <testsuite name=";buy-cappuccino-without-sugar-with-coins" tests="12" failures="0" skipped="9">
        <properties>
            <property name="URI" value="C:/dev/kaffemaskin1-anyagagliano/features/cappuccino.feature">
            </property>
        </properties>
        <testcase name="Given that the machine is plugged in" classname=";buy-cappuccino-without-sugar-with-coins" time="0.000088599">
        </testcase>
        <testcase name="And that water is available" classname=";buy-cappuccino-without-sugar-with-coins" time="0.0000883">
        </testcase>
        <testcase name="And that the machine has enough  coffee for a cup" classname=";buy-cappuccino-without-sugar-with-coins" time="0.0000786">
        </testcase>
        <testcase name="And that the machine has enough milk powder for a cup of Cappuccino" classname=";buy-cappuccino-without-sugar-with-coins">
            <skipped message="">
            </skipped>
        </testcase>
        <testcase name="And the machine has plastic cups" classname=";buy-cappuccino-without-sugar-with-coins">
            <skipped message="">
            </skipped>
        </testcase>
        <testcase name="When the user presses the &quot;Cappuccino&quot; button" classname=";buy-cappuccino-without-sugar-with-coins">
            <skipped message="">
            </skipped>
        </testcase>
        <testcase name="And the user inserts a &quot;byxknapp&quot; kr coin" classname=";buy-cappuccino-without-sugar-with-coins">
            <skipped message="">
            </skipped>
        </testcase>
        <testcase name="And the user inserts a 1 kr coin" classname=";buy-cappuccino-without-sugar-with-coins">
            <skipped message="">
            </skipped>
        </testcase>
        <testcase name="And the user inserts a 0 kr coin" classname=";buy-cappuccino-without-sugar-with-coins">
            <skipped message="">
            </skipped>
        </testcase>
        <testcase name="And the user inserts a 0 kr coin" classname=";buy-cappuccino-without-sugar-with-coins">
            <skipped message="">
            </skipped>
        </testcase>
        <testcase name="And presses the &quot;Start&quot; button" classname=";buy-cappuccino-without-sugar-with-coins">
            <skipped message="">
            </skipped>
        </testcase>
        <testcase name="Then the user recieves 0 cup of Cappuccino." classname=";buy-cappuccino-without-sugar-with-coins">
            <skipped message="">
            </skipped>
        </testcase>
    </testsuite>
    <testsuite name=";buy-cappuccino-without-sugar-with-coins" tests="12" failures="0" skipped="9">
        <properties>
            <property name="URI" value="C:/dev/kaffemaskin1-anyagagliano/features/cappuccino.feature">
            </property>
        </properties>
        <testcase name="Given that the machine is plugged in" classname=";buy-cappuccino-without-sugar-with-coins" time="0.000117801">
        </testcase>
        <testcase name="And that water is available" classname=";buy-cappuccino-without-sugar-with-coins" time="0.000111201">
        </testcase>
        <testcase name="And that the machine has enough  coffee for a cup" classname=";buy-cappuccino-without-sugar-with-coins" time="0.0000832">
        </testcase>
        <testcase name="And that the machine has enough milk powder for a cup of Cappuccino" classname=";buy-cappuccino-without-sugar-with-coins">
            <skipped message="">
            </skipped>
        </testcase>
        <testcase name="And the machine has plastic cups" classname=";buy-cappuccino-without-sugar-with-coins">
            <skipped message="">
            </skipped>
        </testcase>
        <testcase name="When the user presses the &quot;Cappuccino&quot; button" classname=";buy-cappuccino-without-sugar-with-coins">
            <skipped message="">
            </skipped>
        </testcase>
        <testcase name="And the user inserts a 5 kr coin" classname=";buy-cappuccino-without-sugar-with-coins">
            <skipped message="">
            </skipped>
        </testcase>
        <testcase name="And the user inserts a 0 kr coin" classname=";buy-cappuccino-without-sugar-with-coins">
            <skipped message="">
            </skipped>
        </testcase>
        <testcase name="And the user inserts a 0 kr coin" classname=";buy-cappuccino-without-sugar-with-coins">
            <skipped message="">
            </skipped>
        </testcase>
        <testcase name="And the user inserts a 0 kr coin" classname=";buy-cappuccino-without-sugar-with-coins">
            <skipped message="">
            </skipped>
        </testcase>
        <testcase name="And presses the &quot;Start&quot; button" classname=";buy-cappuccino-without-sugar-with-coins">
            <skipped message="">
            </skipped>
        </testcase>
        <testcase name="Then the user recieves 0 cup of Cappuccino." classname=";buy-cappuccino-without-sugar-with-coins">
            <skipped message="">
            </skipped>
        </testcase>
    </testsuite>
    <testsuite name=";buy-cappuccino-without-sugar-and-pay-with-bank-card" tests="10" failures="0" skipped="7">
        <properties>
            <property name="URI" value="C:/dev/kaffemaskin1-anyagagliano/features/cappuccino.feature">
            </property>
        </properties>
        <testcase name="Given that the machine is plugged in" classname=";buy-cappuccino-without-sugar-and-pay-with-bank-card" time="0.0000742">
        </testcase>
        <testcase name="And that water is available" classname=";buy-cappuccino-without-sugar-and-pay-with-bank-card" time="0.000377001">
        </testcase>
        <testcase name="And that the machine has enough  coffee for a cup" classname=";buy-cappuccino-without-sugar-and-pay-with-bank-card" time="0.0000839">
        </testcase>
        <testcase name="And that the machine has enough milk powder for a cup of Cappuccino" classname=";buy-cappuccino-without-sugar-and-pay-with-bank-card">
            <skipped message="">
            </skipped>
        </testcase>
        <testcase name="And the machine has plastic cups" classname=";buy-cappuccino-without-sugar-and-pay-with-bank-card">
            <skipped message="">
            </skipped>
        </testcase>
        <testcase name="When the user presses the &quot;Cappuccino&quot; button" classname=";buy-cappuccino-without-sugar-and-pay-with-bank-card">
            <skipped message="">
            </skipped>
        </testcase>
        <testcase name="And the user taps the bank card near the terminal" classname=";buy-cappuccino-without-sugar-and-pay-with-bank-card">
            <skipped message="">
            </skipped>
        </testcase>
        <testcase name="And the payment is accepted" classname=";buy-cappuccino-without-sugar-and-pay-with-bank-card">
            <skipped message="">
            </skipped>
        </testcase>
        <testcase name="And the user presses the &quot;Start&quot; button" classname=";buy-cappuccino-without-sugar-and-pay-with-bank-card">
            <skipped message="">
            </skipped>
        </testcase>
        <testcase name="Then the user receives a cup of Cappuccino" classname=";buy-cappuccino-without-sugar-and-pay-with-bank-card">
            <skipped message="">
            </skipped>
        </testcase>
    </testsuite>
    <testsuite name=";buy-cappuccino-with-sugar-with-coins" tests="14" failures="0" skipped="11">
        <properties>
            <property name="URI" value="C:/dev/kaffemaskin1-anyagagliano/features/cappuccino.feature">
            </property>
        </properties>
        <testcase name="Given that the machine is plugged in" classname=";buy-cappuccino-with-sugar-with-coins" time="0.0001007">
        </testcase>
        <testcase name="And that water is available" classname=";buy-cappuccino-with-sugar-with-coins" time="0.0001254">
        </testcase>
        <testcase name="And that the machine has enough  coffee for a cup" classname=";buy-cappuccino-with-sugar-with-coins" time="0.0001085">
        </testcase>
        <testcase name="And that the machine has enough milk powder for a cup of Cappuccino" classname=";buy-cappuccino-with-sugar-with-coins">
            <skipped message="">
            </skipped>
        </testcase>
        <testcase name="And the machine has plastic cups" classname=";buy-cappuccino-with-sugar-with-coins">
            <skipped message="">
            </skipped>
        </testcase>
        <testcase name="Given the machine has enough sugar for a cup" classname=";buy-cappuccino-with-sugar-with-coins">
            <skipped message="">
            </skipped>
        </testcase>
        <testcase name="When the user presses the &quot;Cappuccino&quot; button" classname=";buy-cappuccino-with-sugar-with-coins">
            <skipped message="">
            </skipped>
        </testcase>
        <testcase name="And the user presses the &quot;Sugar&quot; button" classname=";buy-cappuccino-with-sugar-with-coins">
            <skipped message="">
            </skipped>
        </testcase>
        <testcase name="And the user inserts a 10 kr coin" classname=";buy-cappuccino-with-sugar-with-coins">
            <skipped message="">
            </skipped>
        </testcase>
        <testcase name="And the user inserts a 10 kr coin" classname=";buy-cappuccino-with-sugar-with-coins">
            <skipped message="">
            </skipped>
        </testcase>
        <testcase name="And the user inserts a 0 kr coin" classname=";buy-cappuccino-with-sugar-with-coins">
            <skipped message="">
            </skipped>
        </testcase>
        <testcase name="And the user inserts a 0 kr coin" classname=";buy-cappuccino-with-sugar-with-coins">
            <skipped message="">
            </skipped>
        </testcase>
        <testcase name="And presses the &quot;Start&quot; button" classname=";buy-cappuccino-with-sugar-with-coins">
            <skipped message="">
            </skipped>
        </testcase>
        <testcase name="Then the user recieves 1 cup of Cappuccino with sugar." classname=";buy-cappuccino-with-sugar-with-coins">
            <skipped message="">
            </skipped>
        </testcase>
    </testsuite>
    <testsuite name=";buy-cappuccino-with-sugar-with-coins" tests="14" failures="0" skipped="11">
        <properties>
            <property name="URI" value="C:/dev/kaffemaskin1-anyagagliano/features/cappuccino.feature">
            </property>
        </properties>
        <testcase name="Given that the machine is plugged in" classname=";buy-cappuccino-with-sugar-with-coins" time="0.000052601">
        </testcase>
        <testcase name="And that water is available" classname=";buy-cappuccino-with-sugar-with-coins" time="0.000044701">
        </testcase>
        <testcase name="And that the machine has enough  coffee for a cup" classname=";buy-cappuccino-with-sugar-with-coins" time="0.0000954">
        </testcase>
        <testcase name="And that the machine has enough milk powder for a cup of Cappuccino" classname=";buy-cappuccino-with-sugar-with-coins">
            <skipped message="">
            </skipped>
        </testcase>
        <testcase name="And the machine has plastic cups" classname=";buy-cappuccino-with-sugar-with-coins">
            <skipped message="">
            </skipped>
        </testcase>
[...]
            <skipped message="">
            </skipped>
        </testcase>
        <testcase name="Then the user recieves 1 cup of Cappuccino with sugar." classname=";buy-cappuccino-with-sugar-with-coins">
            <skipped message="">
            </skipped>
        </testcase>
    </testsuite>
    <testsuite name=";buy-cappuccino-with-sugar-with-coins" tests="14" failures="0" skipped="11">
        <properties>
            <property name="URI" value="C:/dev/kaffemaskin1-anyagagliano/features/cappuccino.feature">
            </property>
        </properties>
        <testcase name="Given that the machine is plugged in" classname=";buy-cappuccino-with-sugar-with-coins" time="0.0001055">
        </testcase>
        <testcase name="And that water is available" classname=";buy-cappuccino-with-sugar-with-coins" time="0.0000685">
        </testcase>
        <testcase name="And that the machine has enough  coffee for a cup" classname=";buy-cappuccino-with-sugar-with-coins" time="0.0000869">
        </testcase>
        <testcase name="And that the machine has enough milk powder for a cup of Cappuccino" classname=";buy-cappuccino-with-sugar-with-coins">
            <skipped message="">
            </skipped>
        </testcase>
        <testcase name="And the machine has plastic cups" classname=";buy-cappuccino-with-sugar-with-coins">
            <skipped message="">
            </skipped>
        </testcase>
        <testcase name="Given the machine has enough sugar for a cup" classname=";buy-cappuccino-with-sugar-with-coins">
            <skipped message="">
            </skipped>
        </testcase>
        <testcase name="When the user presses the &quot;Cappuccino&quot; button" classname=";buy-cappuccino-with-sugar-with-coins">
            <skipped message="">
            </skipped>
        </testcase>
        <testcase name="And the user presses the &quot;Sugar&quot; button" classname=";buy-cappuccino-with-sugar-with-coins">
            <skipped message="">
            </skipped>
        </testcase>
        <testcase name="And the user inserts a 10 kr coin" classname=";buy-cappuccino-with-sugar-with-coins">
            <skipped message="">
            </skipped>
        </testcase>
        <testcase name="And the user inserts a 0 kr coin" classname=";buy-cappuccino-with-sugar-with-coins">
            <skipped message="">
            </skipped>
        </testcase>
        <testcase name="And the user inserts a 0 kr coin" classname=";buy-cappuccino-with-sugar-with-coins">
            <skipped message="">
            </skipped>
        </testcase>
        <testcase name="And the user inserts a 0 kr coin" classname=";buy-cappuccino-with-sugar-with-coins">
            <skipped message="">
            </skipped>
        </testcase>
        <testcase name="And presses the &quot;Start&quot; button" classname=";buy-cappuccino-with-sugar-with-coins">
            <skipped message="">
            </skipped>
        </testcase>
        <testcase name="Then the user recieves 0 cup of Cappuccino with sugar." classname=";buy-cappuccino-with-sugar-with-coins">
            <skipped message="">
            </skipped>
        </testcase>
    </testsuite>
    <testsuite name=";buy-cappuccino-with-sugar-with-coins" tests="14" failures="0" skipped="11">
        <properties>
            <property name="URI" value="C:/dev/kaffemaskin1-anyagagliano/features/cappuccino.feature">
            </property>
        </properties>
        <testcase name="Given that the machine is plugged in" classname=";buy-cappuccino-with-sugar-with-coins" time="0.000049401">
        </testcase>
        <testcase name="And that water is available" classname=";buy-cappuccino-with-sugar-with-coins" time="0.000046399">
        </testcase>
        <testcase name="And that the machine has enough  coffee for a cup" classname=";buy-cappuccino-with-sugar-with-coins" time="0.000098999">
        </testcase>
        <testcase name="And that the machine has enough milk powder for a cup of Cappuccino" classname=";buy-cappuccino-with-sugar-with-coins">
            <skipped message="">
            </skipped>
        </testcase>
        <testcase name="And the machine has plastic cups" classname=";buy-cappuccino-with-sugar-with-coins">
            <skipped message="">
            </skipped>
        </testcase>
        <testcase name="Given the machine has enough sugar for a cup" classname=";buy-cappuccino-with-sugar-with-coins">
            <skipped message="">
            </skipped>
        </testcase>
        <testcase name="When the user presses the &quot;Cappuccino&quot; button" classname=";buy-cappuccino-with-sugar-with-coins">
            <skipped message="">
            </skipped>
        </testcase>
        <testcase name="And the user presses the &quot;Sugar&quot; button" classname=";buy-cappuccino-with-sugar-with-coins">
            <skipped message="">
            </skipped>
        </testcase>
        <testcase name="And the user inserts a &quot;byxknapp&quot; kr coin" classname=";buy-cappuccino-with-sugar-with-coins">
            <skipped message="">
            </skipped>
        </testcase>
        <testcase name="And the user inserts a 1 kr coin" classname=";buy-cappuccino-with-sugar-with-coins">
            <skipped message="">
            </skipped>
        </testcase>
        <testcase name="And the user inserts a 0 kr coin" classname=";buy-cappuccino-with-sugar-with-coins">
            <skipped message="">
            </skipped>
        </testcase>
        <testcase name="And the user inserts a 0 kr coin" classname=";buy-cappuccino-with-sugar-with-coins">
            <skipped message="">
            </skipped>
        </testcase>
        <testcase name="And presses the &quot;Start&quot; button" classname=";buy-cappuccino-with-sugar-with-coins">
            <skipped message="">
            </skipped>
        </testcase>
        <testcase name="Then the user recieves 0 cup of Cappuccino with sugar." classname=";buy-cappuccino-with-sugar-with-coins">
            <skipped message="">
            </skipped>
        </testcase>
    </testsuite>
    <testsuite name=";buy-cappuccino-with-sugar-with-coins" tests="14" failures="0" skipped="11">
        <properties>
            <property name="URI" value="C:/dev/kaffemaskin1-anyagagliano/features/cappuccino.feature">
            </property>
        </properties>
        <testcase name="Given that the machine is plugged in" classname=";buy-cappuccino-with-sugar-with-coins" time="0.0000447">
        </testcase>
        <testcase name="And that water is available" classname=";buy-cappuccino-with-sugar-with-coins" time="0.000048">
        </testcase>
        <testcase name="And that the machine has enough  coffee for a cup" classname=";buy-cappuccino-with-sugar-with-coins" time="0.0000693">
        </testcase>
        <testcase name="And that the machine has enough milk powder for a cup of Cappuccino" classname=";buy-cappuccino-with-sugar-with-coins">
            <skipped message="">
            </skipped>
        </testcase>
        <testcase name="And the machine has plastic cups" classname=";buy-cappuccino-with-sugar-with-coins">
            <skipped message="">
            </skipped>
        </testcase>
        <testcase name="Given the machine has enough sugar for a cup" classname=";buy-cappuccino-with-sugar-with-coins">
            <skipped message="">
            </skipped>
        </testcase>
        <testcase name="When the user presses the &quot;Cappuccino&quot; button" classname=";buy-cappuccino-with-sugar-with-coins">
            <skipped message="">
            </skipped>
        </testcase>
        <testcase name="And the user presses the &quot;Sugar&quot; button" classname=";buy-cappuccino-with-sugar-with-coins">
            <skipped message="">
            </skipped>
        </testcase>
        <testcase name="And the user inserts a 5 kr coin" classname=";buy-cappuccino-with-sugar-with-coins">
            <skipped message="">
            </skipped>
        </testcase>
        <testcase name="And the user inserts a 0 kr coin" classname=";buy-cappuccino-with-sugar-with-coins">
            <skipped message="">
            </skipped>
        </testcase>
        <testcase name="And the user inserts a 0 kr coin" classname=";buy-cappuccino-with-sugar-with-coins">
            <skipped message="">
            </skipped>
        </testcase>
        <testcase name="And the user inserts a 0 kr coin" classname=";buy-cappuccino-with-sugar-with-coins">
            <skipped message="">
            </skipped>
        </testcase>
        <testcase name="And presses the &quot;Start&quot; button" classname=";buy-cappuccino-with-sugar-with-coins">
            <skipped message="">
            </skipped>
        </testcase>
        <testcase name="Then the user recieves 0 cup of Cappuccino with sugar." classname=";buy-cappuccino-with-sugar-with-coins">
            <skipped message="">
            </skipped>
        </testcase>
    </testsuite>
    <testsuite name=";buy-cappuccino-with-sugar-and-pay-with-bank-card" tests="12" failures="0" skipped="9">
        <properties>
            <property name="URI" value="C:/dev/kaffemaskin1-anyagagliano/features/cappuccino.feature">
            </property>
        </properties>
        <testcase name="Given that the machine is plugged in" classname=";buy-cappuccino-with-sugar-and-pay-with-bank-card" time="0.000060299">
        </testcase>
        <testcase name="And that water is available" classname=";buy-cappuccino-with-sugar-and-pay-with-bank-card" time="0.0000639">
        </testcase>
        <testcase name="And that the machine has enough  coffee for a cup" classname=";buy-cappuccino-with-sugar-and-pay-with-bank-card" time="0.000096901">
        </testcase>
        <testcase name="And that the machine has enough milk powder for a cup of Cappuccino" classname=";buy-cappuccino-with-sugar-and-pay-with-bank-card">
            <skipped message="">
            </skipped>
        </testcase>
        <testcase name="And the machine has plastic cups" classname=";buy-cappuccino-with-sugar-and-pay-with-bank-card">
            <skipped message="">
            </skipped>
        </testcase>
        <testcase name="Given the machine has enough sugar for a cup" classname=";buy-cappuccino-with-sugar-and-pay-with-bank-card">
            <skipped message="">
            </skipped>
        </testcase>
        <testcase name="When the user presses the &quot;Cappuccino&quot; button" classname=";buy-cappuccino-with-sugar-and-pay-with-bank-card">
            <skipped message="">
            </skipped>
        </testcase>
        <testcase name="And the user presses the &quot;Sugar&quot; button" classname=";buy-cappuccino-with-sugar-and-pay-with-bank-card">
            <skipped message="">
            </skipped>
        </testcase>
        <testcase name="And the user taps the bank card near the terminal" classname=";buy-cappuccino-with-sugar-and-pay-with-bank-card">
            <skipped message="">
            </skipped>
        </testcase>
        <testcase name="And the payment is accepted" classname=";buy-cappuccino-with-sugar-and-pay-with-bank-card">
            <skipped message="">
            </skipped>
        </testcase>
        <testcase name="And the user presses the &quot;Start&quot; button" classname=";buy-cappuccino-with-sugar-and-pay-with-bank-card">
            <skipped message="">
            </skipped>
        </testcase>
        <testcase name="Then the user receives a cup of Cappuccino with sugar." classname=";buy-cappuccino-with-sugar-and-pay-with-bank-card">
            <skipped message="">
            </skipped>
        </testcase>
    </testsuite>
    <testsuite name=";missing-coffee-for-americano" tests="7" failures="0" skipped="4">
        <properties>
            <property name="URI" value="C:/dev/kaffemaskin1-anyagagliano/features/missingcaffeforcup.feature">
            </property>
        </properties>
        <testcase name="Given that the machine is plugged in" classname=";missing-coffee-for-americano" time="0.000073301">
        </testcase>
        <testcase name="And that water is available" classname=";missing-coffee-for-americano" time="0.0000446">
        </testcase>
        <testcase name="And the machine has plastic cups" classname=";missing-coffee-for-americano" time="0.0000655">
        </testcase>
        <testcase name="And that the machine has not enough coffee for a cup" classname=";missing-coffee-for-americano">
            <skipped message="">
            </skipped>
        </testcase>
        <testcase name="When the user presses the &quot;Americano&quot; button" classname=";missing-coffee-for-americano">
            <skipped message="">
            </skipped>
        </testcase>
        <testcase name="Then the user does not receive a cup of Americano" classname=";missing-coffee-for-americano">
            <skipped message="">
            </skipped>
        </testcase>
        <testcase name="Then the display shows &quot;There is not enough coffee&quot;" classname=";missing-coffee-for-americano">
            <skipped message="">
            </skipped>
        </testcase>
    </testsuite>
    <testsuite name=";missing-coffe-for-cappuccino" tests="8" failures="0" skipped="5">
        <properties>
            <property name="URI" value="C:/dev/kaffemaskin1-anyagagliano/features/missingcaffeforcup.feature">
            </property>
        </properties>
        <testcase name="Given that the machine is plugged in" classname=";missing-coffe-for-cappuccino" time="0.0000448">
        </testcase>
        <testcase name="And that water is available" classname=";missing-coffe-for-cappuccino" time="0.000053799">
        </testcase>
        <testcase name="And the machine has plastic cups" classname=";missing-coffe-for-cappuccino" time="0.000088">
        </testcase>
        <testcase name="And that the machine has not enough coffee for a cup" classname=";missing-coffe-for-cappuccino">
            <skipped message="">
            </skipped>
        </testcase>
        <testcase name="Given that the machine has enough milk powder for a cup of Cappuccino" classname=";missing-coffe-for-cappuccino">
            <skipped message="">
            </skipped>
        </testcase>
        <testcase name="When the user presses the &quot;Cappuccino&quot; button" classname=";missing-coffe-for-cappuccino">
            <skipped message="">
            </skipped>
        </testcase>
        <testcase name="Then the user does not receive a cup of Cappuccino" classname=";missing-coffe-for-cappuccino">
            <skipped message="">
            </skipped>
        </testcase>
        <testcase name="Then the display shows &quot;There is not enough coffee&quot;" classname=";missing-coffe-for-cappuccino">
            <skipped message="">
            </skipped>
        </testcase>
    </testsuite>
    <testsuite name=";missing-coffe-for-caffe-latte" tests="8" failures="0" skipped="5">
        <properties>
            <property name="URI" value="C:/dev/kaffemaskin1-anyagagliano/features/missingcaffeforcup.feature">
            </property>
        </properties>
        <testcase name="Given that the machine is plugged in" classname=";missing-coffe-for-caffe-latte" time="0.0000502">
        </testcase>
        <testcase name="And that water is available" classname=";missing-coffe-for-caffe-latte" time="0.0000524">
        </testcase>
        <testcase name="And the machine has plastic cups" classname=";missing-coffe-for-caffe-latte" time="0.0000962">
        </testcase>
        <testcase name="And that the machine has not enough coffee for a cup" classname=";missing-coffe-for-caffe-latte">
            <skipped message="">
            </skipped>
        </testcase>
        <testcase name="Given that the machine has enough milk powder for a cup of Caffe Latte" classname=";missing-coffe-for-caffe-latte">
            <skipped message="">
            </skipped>
        </testcase>
        <testcase name="When the user presses the &quot;CaffeLatte&quot; button" classname=";missing-coffe-for-caffe-latte">
            <skipped message="">
            </skipped>
        </testcase>
        <testcase name="Then the user does not receive a cup of Caffe Latte" classname=";missing-coffe-for-caffe-latte">
            <skipped message="">
            </skipped>
        </testcase>
        <testcase name="Then the display shows &quot;There is not enough coffee&quot;" classname=";missing-coffe-for-caffe-latte">
            <skipped message="">
            </skipped>
        </testcase>
    </testsuite>
    <testsuite name=";missing-milk-powder-for-cappuccino" tests="8" failures="0" skipped="4">
        <properties>
            <property name="URI" value="C:/dev/kaffemaskin1-anyagagliano/features/missingmilkpowder.feature">
            </property>
        </properties>
        <testcase name="Given that the machine is plugged in" classname=";missing-milk-powder-for-cappuccino" time="0.000050899">
        </testcase>
        <testcase name="And that water is available" classname=";missing-milk-powder-for-cappuccino" time="0.0000496">
        </testcase>
        <testcase name="And the machine has plastic cups" classname=";missing-milk-powder-for-cappuccino" time="0.000043701">
        </testcase>
        <testcase name="And that the machine has enough  coffee for a cup" classname=";missing-milk-powder-for-cappuccino" time="0.000044499">
        </testcase>
        <testcase name="And that the machine has enough milk powder for a cup of Cappuccino" classname=";missing-milk-powder-for-cappuccino">
            <skipped message="">
            </skipped>
        </testcase>
        <testcase name="When the user presses the &quot;Cappuccino&quot; button" classname=";missing-milk-powder-for-cappuccino">
            <skipped message="">
            </skipped>
        </testcase>
        <testcase name="Then the user does not receive a cup of Cappuccino" classname=";missing-milk-powder-for-cappuccino">
            <skipped message="">
            </skipped>
        </testcase>
        <testcase name="Then the display shows &quot;There is not enough milk powder&quot;" classname=";missing-milk-powder-for-cappuccino">
            <skipped message="">
            </skipped>
        </testcase>
    </testsuite>
    <testsuite name=";missing-cup-for-americano" tests="7" failures="0" skipped="5">
        <properties>
            <property name="URI" value="C:/dev/kaffemaskin1-anyagagliano/features/missingplasticup.feature">
            </property>
        </properties>
        <testcase name="Given that the machine is plugged in" classname=";missing-cup-for-americano" time="0.0000582">
        </testcase>
        <testcase name="And that water is available" classname=";missing-cup-for-americano" time="0.0000478">
        </testcase>
        <testcase name="And the machine does not have plastic cups" classname=";missing-cup-for-americano">
            <skipped message="">
            </skipped>
        </testcase>
        <testcase name="And that the machine has enough  coffee for a cup" classname=";missing-cup-for-americano">
            <skipped message="">
            </skipped>
        </testcase>
        <testcase name="When the user presses the &quot;Americano&quot; button" classname=";missing-cup-for-americano">
            <skipped message="">
            </skipped>
        </testcase>
        <testcase name="Then the user does not receive a cup of Americano" classname=";missing-cup-for-americano">
            <skipped message="">
            </skipped>
        </testcase>
        <testcase name="Then the display shows &quot;There is not a plastic cup available&quot;" classname=";missing-cup-for-americano">
            <skipped message="">
            </skipped>
        </testcase>
    </testsuite>
</testsuites>